09:29:23 **** Incremental Build of configuration Debug for project CControl_ECU ****
make all 
Building file: ../APPL/Control_ECU_APPL.c
Invoking: AVR Compiler
avr-gcc -Wall -g2 -gstabs -O0 -fpack-struct -fshort-enums -ffunction-sections -fdata-sections -std=gnu99 -funsigned-char -funsigned-bitfields -mmcu=atmega32 -DF_CPU=8000000UL -MMD -MP -MF"APPL/Control_ECU_APPL.d" -MT"APPL/Control_ECU_APPL.o" -c -o "APPL/Control_ECU_APPL.o" "../APPL/Control_ECU_APPL.c"
In file included from ../APPL/Control_ECU_APPL.c:14:
c:/winavr-20100110/lib/gcc/../../avr/include/util/delay.h:90:3: warning: #warning "Compiler optimizations disabled; functions from <util/delay.h> won't work as designed"
Finished building: ../APPL/Control_ECU_APPL.c
 
Building target: CControl_ECU.elf
Invoking: AVR C Linker
avr-gcc -Wl,-Map,CControl_ECU.map -mmcu=atmega32 -o "CControl_ECU.elf"  ./MCAL/My_GPIO.o ./MCAL/PWM.o ./MCAL/Timer1.o ./MCAL/twi.o ./MCAL/uart.o  ./HAL/BUZZER.o ./HAL/DC_motor.o ./HAL/external_eeprom.o  ./APPL/Control_ECU_APPL.o   
Finished building target: CControl_ECU.elf
 
Invoking: AVR Create Extended Listing
avr-objdump -h -S CControl_ECU.elf  >"CControl_ECU.lss"
Finished building: CControl_ECU.lss
 
Invoking: Print Size
avr-size --format=avr --mcu=atmega32 CControl_ECU.elf
AVR Memory Usage
----------------
Device: atmega32

Program:   10910 bytes (33.3% Full)
(.text + .data + .bootloader)

Data:         44 bytes (2.1% Full)
(.data + .bss + .noinit)


Finished building: sizedummy
 

09:29:23 Build Finished. 0 errors, 1 warnings. (took 688ms)

